#^index.js&^
/**
 * Runs a HTTP POST request with the given input parameters.
 * @param {Object} inp - The input parameters for the request.
 * @param {string} inp.url - The URL to send the request to.
 * @param {Object} inp.body - The request body.
 * @returns {Promise<Object>} - A promise that resolves to the output of the request.
 */
const runCall = async (inp) => {
  const outp = { ...inp };
  const { url, body } = inp;

  const result = await fetch(url, {
    headers: { "Content-Type": "application/json" },
    method: "POST",
    body: JSON.stringify(body)
  });

  try {
    outp.text = await result.text();
    outp.json = await result.json();
  } catch (e) {}

  return outp;
};

module.exports = runCall;
#^run.js&^
/**
 * Runs the `runCall` function from the `index.js` file.
 */
require("hypecall")(require("./index.js"));